<?xml version="1.0" encoding="UTF-8"?>
<!-- Generated by org.testng.reporters.JUnitReportReporter -->
<testsuite hostname="DESKTOP-IERK743" failures="0" tests="3" name="TestNg.SecondTest" time="10.710" errors="0" timestamp="2023-02-21T13:06:50 IST" skipped="0">
  <testcase classname="TestNg.SecondTest" name="openApp" time="7.724"/>
  <system-out/>
  <testcase classname="TestNg.SecondTest" name="login" time="2.390"/>
  <system-out/>
  <testcase classname="TestNg.SecondTest" name="close" time="0.596"/>
  <system-out/>
</testsuite> <!-- TestNg.SecondTest -->
