<?xml version="1.0" encoding="UTF-8"?>
<!-- Generated by org.testng.reporters.JUnitReportReporter -->
<testsuite hostname="DESKTOP-IERK743" failures="0" tests="3" name="TestNg.FirstTest" time="0.048" errors="0" timestamp="2023-02-21T12:18:11 IST" skipped="0">
  <testcase classname="TestNg.FirstTest" name="openapp" time="0.032"/>
  <system-out/>
  <testcase classname="TestNg.FirstTest" name="login" time="0.004"/>
  <system-out/>
  <testcase classname="TestNg.FirstTest" name="logout" time="0.012"/>
  <system-out/>
</testsuite> <!-- TestNg.FirstTest -->
