<?xml version="1.0" encoding="UTF-8"?>
<!-- Generated by org.testng.reporters.JUnitReportReporter -->
<testsuite hostname="DESKTOP-IERK743" failures="0" tests="2" name="PageObjectModel.LoginTest" time="1.704" errors="0" timestamp="2023-02-28T18:01:49 IST" skipped="0">
  <testcase classname="PageObjectModel.LoginTest" name="testLogo" time="0.107"/>
  <system-out/>
  <testcase classname="PageObjectModel.LoginTest" name="testLogin" time="1.597"/>
  <system-out/>
</testsuite> <!-- PageObjectModel.LoginTest -->
