<?xml version="1.0" encoding="UTF-8"?>
<!-- Generated by org.testng.reporters.JUnitReportReporter -->
<testsuite hostname="DESKTOP-IERK743" failures="0" tests="5" name="Annotations.DependentMethods" time="0.025" errors="0" timestamp="2023-02-27T10:54:08 IST" skipped="0">
  <testcase classname="Annotations.DependentMethods" name="openapp" time="0.014"/>
  <system-out/>
  <testcase classname="Annotations.DependentMethods" name="login" time="0.004"/>
  <system-out/>
  <testcase classname="Annotations.DependentMethods" name="search" time="0.004"/>
  <system-out/>
  <testcase classname="Annotations.DependentMethods" name="advsearch" time="0.002"/>
  <system-out/>
  <testcase classname="Annotations.DependentMethods" name="logout" time="0.001"/>
  <system-out/>
</testsuite> <!-- Annotations.DependentMethods -->
