<?xml version="1.0" encoding="UTF-8"?>
<!-- Generated by org.testng.reporters.JUnitReportReporter -->
<testsuite hostname="DESKTOP-IERK743" failures="0" tests="3" name="ListnersandExtentReports.NopCommerceTests" time="13.170" errors="0" timestamp="2023-02-28T12:42:37 IST" skipped="0">
  <testcase classname="ListnersandExtentReports.NopCommerceTests" name="testLogo" time="0.156"/>
  <system-out/>
  <testcase classname="ListnersandExtentReports.NopCommerceTests" name="testLogin" time="8.959"/>
  <system-out/>
  <testcase classname="ListnersandExtentReports.NopCommerceTests" name="testLogout" time="4.055"/>
  <system-out/>
</testsuite> <!-- ListnersandExtentReports.NopCommerceTests -->
