<?xml version="1.0" encoding="UTF-8"?>
<!-- Generated by org.testng.reporters.JUnitReportReporter -->
<testsuite hostname="DESKTOP-IERK743" failures="0" tests="3" name="Annotations.AnnotationsDemo1" time="0.012" errors="0" timestamp="2023-02-21T16:03:43 IST" skipped="0">
  <testcase classname="Annotations.AnnotationsDemo1" name="login" time="0.005"/>
  <system-out/>
  <testcase classname="Annotations.AnnotationsDemo1" name="search" time="0.006"/>
  <system-out/>
  <testcase classname="Annotations.AnnotationsDemo1" name="advacedsearch" time="0.001"/>
  <system-out/>
</testsuite> <!-- Annotations.AnnotationsDemo1 -->
