<?xml version="1.0" encoding="UTF-8"?>
<!-- Generated by org.testng.reporters.JUnitReportReporter -->
<testsuite hostname="DESKTOP-IERK743" failures="0" tests="1" name="Annotations.HardAssertions" time="0.008" errors="0" timestamp="2023-02-27T11:27:34 IST" skipped="0">
  <testcase classname="Annotations.HardAssertions" name="test" time="0.008"/>
  <system-out/>
</testsuite> <!-- Annotations.HardAssertions -->
