<?xml version="1.0" encoding="UTF-8"?>
<!-- Generated by org.testng.reporters.JUnitReportReporter -->
<testsuite hostname="DESKTOP-IERK743" failures="0" tests="3" name="Annotations.AnnotationsDemo2" time="0.008" errors="0" timestamp="2023-02-21T16:07:29 IST" skipped="0">
  <testcase classname="Annotations.AnnotationsDemo2" name="login" time="0.003"/>
  <system-out/>
  <testcase classname="Annotations.AnnotationsDemo2" name="search" time="0.002"/>
  <system-out/>
  <testcase classname="Annotations.AnnotationsDemo2" name="advacedsearch" time="0.003"/>
  <system-out/>
</testsuite> <!-- Annotations.AnnotationsDemo2 -->
