<?xml version="1.0" encoding="UTF-8"?>
<!-- Generated by org.testng.reporters.JUnitReportReporter -->
<testsuite hostname="DESKTOP-IERK743" failures="0" tests="2" name="Annotations.AllAnnotations" time="0.005" errors="0" timestamp="2023-02-21T18:15:42 IST" skipped="0">
  <testcase classname="Annotations.AllAnnotations" name="tm1" time="0.003"/>
  <system-out/>
  <testcase classname="Annotations.AllAnnotations" name="tm2" time="0.002"/>
  <system-out/>
</testsuite> <!-- Annotations.AllAnnotations -->
