<?xml version="1.0" encoding="UTF-8"?>
<!-- Generated by org.testng.reporters.JUnitReportReporter -->
<testsuite hostname="DESKTOP-IERK743" failures="0" tests="10" name="ParallelTesting.InvocationCount" time="0.025" errors="0" timestamp="2023-02-27T15:50:19 IST" skipped="0">
  <testcase classname="ParallelTesting.InvocationCount" name="test" time="0.004"/>
  <system-out/>
  <testcase classname="ParallelTesting.InvocationCount" name="test" time="0.001"/>
  <system-out/>
  <testcase classname="ParallelTesting.InvocationCount" name="test" time="0.001"/>
  <system-out/>
  <testcase classname="ParallelTesting.InvocationCount" name="test" time="0.012"/>
  <system-out/>
  <testcase classname="ParallelTesting.InvocationCount" name="test" time="0.003"/>
  <system-out/>
  <testcase classname="ParallelTesting.InvocationCount" name="test" time="0.001"/>
  <system-out/>
  <testcase classname="ParallelTesting.InvocationCount" name="test" time="0.000"/>
  <system-out/>
  <testcase classname="ParallelTesting.InvocationCount" name="test" time="0.001"/>
  <system-out/>
  <testcase classname="ParallelTesting.InvocationCount" name="test" time="0.001"/>
  <system-out/>
  <testcase classname="ParallelTesting.InvocationCount" name="test" time="0.001"/>
  <system-out/>
</testsuite> <!-- ParallelTesting.InvocationCount -->
